Performing C SOURCE FILE Test CMAKE_HAVE_LIBC_PTHREAD failed with the following output:
Change Dir: /home/jellyfish/shared-folder/SWENG2/SwEng-Project-/build/CMakeFiles/CMakeTmp

Run Build Command(s):/u/sw/toolchains/gcc-glibc/11.2.0/base/bin/gmake -f Makefile cmTC_291c4/fast && /u/sw/toolchains/gcc-glibc/11.2.0/base/bin/gmake  -f CMakeFiles/cmTC_291c4.dir/build.make CMakeFiles/cmTC_291c4.dir/build
gmake[1]: Entering directory '/home/jellyfish/shared-folder/SWENG2/SwEng-Project-/build/CMakeFiles/CMakeTmp'
Building C object CMakeFiles/cmTC_291c4.dir/src.c.o
/u/sw/toolchains/gcc-glibc/11.2.0/prefix/bin/gcc -DCMAKE_HAVE_LIBC_PTHREAD   -o CMakeFiles/cmTC_291c4.dir/src.c.o -c /home/jellyfish/shared-folder/SWENG2/SwEng-Project-/build/CMakeFiles/CMakeTmp/src.c
Linking C executable cmTC_291c4
/u/sw/toolchains/gcc-glibc/11.2.0/base/bin/cmake -E cmake_link_script CMakeFiles/cmTC_291c4.dir/link.txt --verbose=1
/u/sw/toolchains/gcc-glibc/11.2.0/prefix/bin/gcc CMakeFiles/cmTC_291c4.dir/src.c.o -o cmTC_291c4 
/u/sw/toolchains/gcc-glibc/11.2.0/prefix/lib/gcc/x86_64-mk-linux/11.2.0/../../../../x86_64-mk-linux/bin/ld: CMakeFiles/cmTC_291c4.dir/src.c.o: in function `main':
src.c:(.text+0x2d): undefined reference to `pthread_create'
/u/sw/toolchains/gcc-glibc/11.2.0/prefix/lib/gcc/x86_64-mk-linux/11.2.0/../../../../x86_64-mk-linux/bin/ld: src.c:(.text+0x39): undefined reference to `pthread_detach'
/u/sw/toolchains/gcc-glibc/11.2.0/prefix/lib/gcc/x86_64-mk-linux/11.2.0/../../../../x86_64-mk-linux/bin/ld: src.c:(.text+0x45): undefined reference to `pthread_cancel'
/u/sw/toolchains/gcc-glibc/11.2.0/prefix/lib/gcc/x86_64-mk-linux/11.2.0/../../../../x86_64-mk-linux/bin/ld: src.c:(.text+0x56): undefined reference to `pthread_join'
collect2: error: ld returned 1 exit status
gmake[1]: *** [CMakeFiles/cmTC_291c4.dir/build.make:99: cmTC_291c4] Error 1
gmake[1]: Leaving directory '/home/jellyfish/shared-folder/SWENG2/SwEng-Project-/build/CMakeFiles/CMakeTmp'
gmake: *** [Makefile:127: cmTC_291c4/fast] Error 2


Source file was:
#include <pthread.h>

static void* test_func(void* data)
{
  return data;
}

int main(void)
{
  pthread_t thread;
  pthread_create(&thread, NULL, test_func, NULL);
  pthread_detach(thread);
  pthread_cancel(thread);
  pthread_join(thread, NULL);
  pthread_atfork(NULL, NULL, NULL);
  pthread_exit(NULL);

  return 0;
}

Determining if the function pthread_create exists in the pthreads failed with the following output:
Change Dir: /home/jellyfish/shared-folder/SWENG2/SwEng-Project-/build/CMakeFiles/CMakeTmp

Run Build Command(s):/u/sw/toolchains/gcc-glibc/11.2.0/base/bin/gmake -f Makefile cmTC_703d1/fast && /u/sw/toolchains/gcc-glibc/11.2.0/base/bin/gmake  -f CMakeFiles/cmTC_703d1.dir/build.make CMakeFiles/cmTC_703d1.dir/build
gmake[1]: Entering directory '/home/jellyfish/shared-folder/SWENG2/SwEng-Project-/build/CMakeFiles/CMakeTmp'
Building C object CMakeFiles/cmTC_703d1.dir/CheckFunctionExists.c.o
/u/sw/toolchains/gcc-glibc/11.2.0/prefix/bin/gcc   -DCHECK_FUNCTION_EXISTS=pthread_create -o CMakeFiles/cmTC_703d1.dir/CheckFunctionExists.c.o -c /u/sw/toolchains/gcc-glibc/11.2.0/base/share/cmake-3.20/Modules/CheckFunctionExists.c
Linking C executable cmTC_703d1
/u/sw/toolchains/gcc-glibc/11.2.0/base/bin/cmake -E cmake_link_script CMakeFiles/cmTC_703d1.dir/link.txt --verbose=1
/u/sw/toolchains/gcc-glibc/11.2.0/prefix/bin/gcc  -DCHECK_FUNCTION_EXISTS=pthread_create CMakeFiles/cmTC_703d1.dir/CheckFunctionExists.c.o -o cmTC_703d1  -lpthreads 
/u/sw/toolchains/gcc-glibc/11.2.0/prefix/lib/gcc/x86_64-mk-linux/11.2.0/../../../../x86_64-mk-linux/bin/ld: cannot find -lpthreads
collect2: error: ld returned 1 exit status
gmake[1]: *** [CMakeFiles/cmTC_703d1.dir/build.make:99: cmTC_703d1] Error 1
gmake[1]: Leaving directory '/home/jellyfish/shared-folder/SWENG2/SwEng-Project-/build/CMakeFiles/CMakeTmp'
gmake: *** [Makefile:127: cmTC_703d1/fast] Error 2



